<?xml version="1.0" encoding="UTF-8"?>
<!-- Generated by org.testng.reporters.JUnitReportReporter -->
<testsuite hostname="GOD" failures="0" tests="4" name="com.mavensonar.test.MavenSonar.DemoTest1" time="0.000" errors="0" timestamp="2020-04-09T20:13:51 IST" skipped="0">
  <testcase classname="com.mavensonar.test.MavenSonar.DemoTest1" name="mul" time="0.000"/>
  <system-out/>
  <testcase classname="com.mavensonar.test.MavenSonar.DemoTest1" name="sub" time="0.000"/>
  <system-out/>
  <testcase classname="com.mavensonar.test.MavenSonar.DemoTest1" name="div" time="0.000"/>
  <system-out/>
  <testcase classname="com.mavensonar.test.MavenSonar.DemoTest1" name="sum" time="0.000"/>
  <system-out/>
</testsuite> <!-- com.mavensonar.test.MavenSonar.DemoTest1 -->
